<?xml version="1.0" encoding="UTF-8"?>
<!-- Generated by org.testng.reporters.JUnitReportReporter -->
<testsuite hostname="DESKTOP-74B2U81" failures="0" tests="1" name="perform.GmailLogin" time="7.630" errors="0" timestamp="18 Dec 2024 04:39:08 GMT" skipped="0">
  <testcase classname="perform.GmailLogin" name="testGmailLogin" time="7.630"/>
</testsuite> <!-- perform.GmailLogin -->
